Command line invocation:
    /Applications/Xcode.app/Contents/Developer/usr/bin/xcodebuild -project AppleSerialScanner.xcodeproj -scheme AppleSerialScanner -configuration Debug build

ComputePackagePrebuildTargetDependencyGraph

Prepare packages

CreateBuildRequest

SendProjectDescription

CreateBuildOperation

ComputeTargetDependencyGraph
note: Building targets in dependency order
note: Target dependency graph (1 target)
    Target 'AppleSerialScanner' in project 'AppleSerialScanner' (no dependencies)

GatherProvisioningInputs

CreateBuildDescription

ExecuteExternalTool /Applications/Xcode.app/Contents/Developer/Toolchains/XcodeDefault.xctoolchain/usr/bin/clang -v -E -dM -isysroot /Applications/Xcode.app/Contents/Developer/Platforms/MacOSX.platform/Developer/SDKs/MacOSX15.5.sdk -x c -c /dev/null

ExecuteExternalTool /Applications/Xcode.app/Contents/Developer/Toolchains/XcodeDefault.xctoolchain/usr/bin/swiftc --version

ExecuteExternalTool /Applications/Xcode.app/Contents/Developer/Toolchains/XcodeDefault.xctoolchain/usr/bin/ld -version_details

Build description signature: 77f0ccbe055e1a948f82bba2f3edf8da
Build description path: /Users/apple/Library/Developer/Xcode/DerivedData/AppleSerialScanner-erivtrcpyuanopapbynpbfhlizso/Build/Intermediates.noindex/XCBuildData/77f0ccbe055e1a948f82bba2f3edf8da.xcbuilddata
ClangStatCache /Applications/Xcode.app/Contents/Developer/Toolchains/XcodeDefault.xctoolchain/usr/bin/clang-stat-cache /Applications/Xcode.app/Contents/Developer/Platforms/MacOSX.platform/Developer/SDKs/MacOSX15.5.sdk /Users/apple/Library/Developer/Xcode/DerivedData/SDKStatCaches.noindex/macosx15.5-24F74-8254517eb8b97d462ccbc072ba9094c9.sdkstatcache
    cd /Users/apple/Documents/AppleSerialScanner/AppleSerialScanner.xcodeproj
    /Applications/Xcode.app/Contents/Developer/Toolchains/XcodeDefault.xctoolchain/usr/bin/clang-stat-cache /Applications/Xcode.app/Contents/Developer/Platforms/MacOSX.platform/Developer/SDKs/MacOSX15.5.sdk -o /Users/apple/Library/Developer/Xcode/DerivedData/SDKStatCaches.noindex/macosx15.5-24F74-8254517eb8b97d462ccbc072ba9094c9.sdkstatcache

WriteAuxiliaryFile /Users/apple/Library/Developer/Xcode/DerivedData/AppleSerialScanner-erivtrcpyuanopapbynpbfhlizso/Build/Intermediates.noindex/AppleSerialScanner.build/Debug/AppleSerialScanner.build/Objects-normal/arm64/AppleSerialScanner.SwiftFileList (in target 'AppleSerialScanner' from project 'AppleSerialScanner')
    cd /Users/apple/Documents/AppleSerialScanner
    write-file /Users/apple/Library/Developer/Xcode/DerivedData/AppleSerialScanner-erivtrcpyuanopapbynpbfhlizso/Build/Intermediates.noindex/AppleSerialScanner.build/Debug/AppleSerialScanner.build/Objects-normal/arm64/AppleSerialScanner.SwiftFileList

WriteAuxiliaryFile /Users/apple/Library/Developer/Xcode/DerivedData/AppleSerialScanner-erivtrcpyuanopapbynpbfhlizso/Build/Intermediates.noindex/AppleSerialScanner.build/Debug/AppleSerialScanner.build/Objects-normal/arm64/AppleSerialScanner.LinkFileList (in target 'AppleSerialScanner' from project 'AppleSerialScanner')
    cd /Users/apple/Documents/AppleSerialScanner
    write-file /Users/apple/Library/Developer/Xcode/DerivedData/AppleSerialScanner-erivtrcpyuanopapbynpbfhlizso/Build/Intermediates.noindex/AppleSerialScanner.build/Debug/AppleSerialScanner.build/Objects-normal/arm64/AppleSerialScanner.LinkFileList

WriteAuxiliaryFile /Users/apple/Library/Developer/Xcode/DerivedData/AppleSerialScanner-erivtrcpyuanopapbynpbfhlizso/Build/Intermediates.noindex/AppleSerialScanner.build/Debug/AppleSerialScanner.build/Objects-normal/arm64/AppleSerialScanner.SwiftConstValuesFileList (in target 'AppleSerialScanner' from project 'AppleSerialScanner')
    cd /Users/apple/Documents/AppleSerialScanner
    write-file /Users/apple/Library/Developer/Xcode/DerivedData/AppleSerialScanner-erivtrcpyuanopapbynpbfhlizso/Build/Intermediates.noindex/AppleSerialScanner.build/Debug/AppleSerialScanner.build/Objects-normal/arm64/AppleSerialScanner.SwiftConstValuesFileList

ProcessInfoPlistFile /Users/apple/Library/Developer/Xcode/DerivedData/AppleSerialScanner-erivtrcpyuanopapbynpbfhlizso/Build/Products/Debug/AppleSerialScanner.app/Contents/Info.plist /Users/apple/Library/Developer/Xcode/DerivedData/AppleSerialScanner-erivtrcpyuanopapbynpbfhlizso/Build/Intermediates.noindex/AppleSerialScanner.build/Debug/AppleSerialScanner.build/empty-AppleSerialScanner.plist (in target 'AppleSerialScanner' from project 'AppleSerialScanner')
    cd /Users/apple/Documents/AppleSerialScanner
    builtin-infoPlistUtility /Users/apple/Library/Developer/Xcode/DerivedData/AppleSerialScanner-erivtrcpyuanopapbynpbfhlizso/Build/Intermediates.noindex/AppleSerialScanner.build/Debug/AppleSerialScanner.build/empty-AppleSerialScanner.plist -producttype com.apple.product-type.application -genpkginfo /Users/apple/Library/Developer/Xcode/DerivedData/AppleSerialScanner-erivtrcpyuanopapbynpbfhlizso/Build/Products/Debug/AppleSerialScanner.app/Contents/PkgInfo -expandbuildsettings -platform macosx -o /Users/apple/Library/Developer/Xcode/DerivedData/AppleSerialScanner-erivtrcpyuanopapbynpbfhlizso/Build/Products/Debug/AppleSerialScanner.app/Contents/Info.plist

SwiftDriver AppleSerialScanner normal arm64 com.apple.xcode.tools.swift.compiler (in target 'AppleSerialScanner' from project 'AppleSerialScanner')
    cd /Users/apple/Documents/AppleSerialScanner
    builtin-SwiftDriver -- /Applications/Xcode.app/Contents/Developer/Toolchains/XcodeDefault.xctoolchain/usr/bin/swiftc -module-name AppleSerialScanner -Onone -enforce-exclusivity\=checked @/Users/apple/Library/Developer/Xcode/DerivedData/AppleSerialScanner-erivtrcpyuanopapbynpbfhlizso/Build/Intermediates.noindex/AppleSerialScanner.build/Debug/AppleSerialScanner.build/Objects-normal/arm64/AppleSerialScanner.SwiftFileList -DDEBUG -enable-bare-slash-regex -enable-experimental-feature DebugDescriptionMacro -sdk /Applications/Xcode.app/Contents/Developer/Platforms/MacOSX.platform/Developer/SDKs/MacOSX15.5.sdk -target arm64-apple-macos15.5 -g -module-cache-path /Users/apple/Library/Developer/Xcode/DerivedData/ModuleCache.noindex -Xfrontend -serialize-debugging-options -profile-coverage-mapping -profile-generate -enable-testing -index-store-path /Users/apple/Library/Developer/Xcode/DerivedData/AppleSerialScanner-erivtrcpyuanopapbynpbfhlizso/Index.noindex/DataStore -swift-version 5 -I /Users/apple/Library/Developer/Xcode/DerivedData/AppleSerialScanner-erivtrcpyuanopapbynpbfhlizso/Build/Products/Debug -F /Users/apple/Library/Developer/Xcode/DerivedData/AppleSerialScanner-erivtrcpyuanopapbynpbfhlizso/Build/Products/Debug -emit-localized-strings -emit-localized-strings-path /Users/apple/Library/Developer/Xcode/DerivedData/AppleSerialScanner-erivtrcpyuanopapbynpbfhlizso/Build/Intermediates.noindex/AppleSerialScanner.build/Debug/AppleSerialScanner.build/Objects-normal/arm64 -c -j8 -enable-batch-mode -incremental -Xcc -ivfsstatcache -Xcc /Users/apple/Library/Developer/Xcode/DerivedData/SDKStatCaches.noindex/macosx15.5-24F74-8254517eb8b97d462ccbc072ba9094c9.sdkstatcache -output-file-map /Users/apple/Library/Developer/Xcode/DerivedData/AppleSerialScanner-erivtrcpyuanopapbynpbfhlizso/Build/Intermediates.noindex/AppleSerialScanner.build/Debug/AppleSerialScanner.build/Objects-normal/arm64/AppleSerialScanner-OutputFileMap.json -use-frontend-parseable-output -save-temps -no-color-diagnostics -serialize-diagnostics -emit-dependencies -emit-module -emit-module-path /Users/apple/Library/Developer/Xcode/DerivedData/AppleSerialScanner-erivtrcpyuanopapbynpbfhlizso/Build/Intermediates.noindex/AppleSerialScanner.build/Debug/AppleSerialScanner.build/Objects-normal/arm64/AppleSerialScanner.swiftmodule -validate-clang-modules-once -clang-build-session-file /Users/apple/Library/Developer/Xcode/DerivedData/ModuleCache.noindex/Session.modulevalidation -Xcc -I/Users/apple/Library/Developer/Xcode/DerivedData/AppleSerialScanner-erivtrcpyuanopapbynpbfhlizso/Build/Intermediates.noindex/AppleSerialScanner.build/Debug/AppleSerialScanner.build/swift-overrides.hmap -emit-const-values -Xfrontend -const-gather-protocols-file -Xfrontend /Users/apple/Library/Developer/Xcode/DerivedData/AppleSerialScanner-erivtrcpyuanopapbynpbfhlizso/Build/Intermediates.noindex/AppleSerialScanner.build/Debug/AppleSerialScanner.build/Objects-normal/arm64/AppleSerialScanner_const_extract_protocols.json -Xcc -iquote -Xcc /Users/apple/Library/Developer/Xcode/DerivedData/AppleSerialScanner-erivtrcpyuanopapbynpbfhlizso/Build/Intermediates.noindex/AppleSerialScanner.build/Debug/AppleSerialScanner.build/AppleSerialScanner-generated-files.hmap -Xcc -I/Users/apple/Library/Developer/Xcode/DerivedData/AppleSerialScanner-erivtrcpyuanopapbynpbfhlizso/Build/Intermediates.noindex/AppleSerialScanner.build/Debug/AppleSerialScanner.build/AppleSerialScanner-own-target-headers.hmap -Xcc -I/Users/apple/Library/Developer/Xcode/DerivedData/AppleSerialScanner-erivtrcpyuanopapbynpbfhlizso/Build/Intermediates.noindex/AppleSerialScanner.build/Debug/AppleSerialScanner.build/AppleSerialScanner-all-target-headers.hmap -Xcc -iquote -Xcc /Users/apple/Library/Developer/Xcode/DerivedData/AppleSerialScanner-erivtrcpyuanopapbynpbfhlizso/Build/Intermediates.noindex/AppleSerialScanner.build/Debug/AppleSerialScanner.build/AppleSerialScanner-project-headers.hmap -Xcc -I/Users/apple/Library/Developer/Xcode/DerivedData/AppleSerialScanner-erivtrcpyuanopapbynpbfhlizso/Build/Products/Debug/include -Xcc -I/Users/apple/Library/Developer/Xcode/DerivedData/AppleSerialScanner-erivtrcpyuanopapbynpbfhlizso/Build/Intermediates.noindex/AppleSerialScanner.build/Debug/AppleSerialScanner.build/DerivedSources-normal/arm64 -Xcc -I/Users/apple/Library/Developer/Xcode/DerivedData/AppleSerialScanner-erivtrcpyuanopapbynpbfhlizso/Build/Intermediates.noindex/AppleSerialScanner.build/Debug/AppleSerialScanner.build/DerivedSources/arm64 -Xcc -I/Users/apple/Library/Developer/Xcode/DerivedData/AppleSerialScanner-erivtrcpyuanopapbynpbfhlizso/Build/Intermediates.noindex/AppleSerialScanner.build/Debug/AppleSerialScanner.build/DerivedSources -Xcc -DDEBUG\=1 -emit-objc-header -emit-objc-header-path /Users/apple/Library/Developer/Xcode/DerivedData/AppleSerialScanner-erivtrcpyuanopapbynpbfhlizso/Build/Intermediates.noindex/AppleSerialScanner.build/Debug/AppleSerialScanner.build/Objects-normal/arm64/AppleSerialScanner-Swift.h -working-directory /Users/apple/Documents/AppleSerialScanner -experimental-emit-module-separately -disable-cmo

SwiftCompile normal arm64 Compiling\ SettingsView.swift,\ DiagnosticsService.swift,\ SystemHealthMetrics.swift,\ MultiFrameConsensusEngine.swift,\ BaselineMetricsDashboard.swift,\ CharacterDisambiguator.swift,\ SerialValidator.swift,\ HistoryView.swift,\ AnalyticsService.swift,\ PowerManagementService.swift,\ HealthStatus.swift,\ SerialScannerView.swift,\ DiagnosticsLogger.swift,\ Sorting.swift /Users/apple/Documents/AppleSerialScanner/AppleSerialScanner/Views/SettingsView.swift /Users/apple/Documents/AppleSerialScanner/AppleSerialScanner/Services/DiagnosticsService.swift /Users/apple/Documents/AppleSerialScanner/AppleSerialScanner/Models/SystemHealthMetrics.swift /Users/apple/Documents/AppleSerialScanner/AppleSerialScanner/Services/MultiFrameConsensusEngine.swift /Users/apple/Documents/AppleSerialScanner/AppleSerialScanner/Views/BaselineMetricsDashboard.swift /Users/apple/Documents/AppleSerialScanner/AppleSerialScanner/Services/ML/CharacterDisambiguator.swift /Users/apple/Documents/AppleSerialScanner/AppleSerialScanner/Services/SerialValidator.swift /Users/apple/Documents/AppleSerialScanner/AppleSerialScanner/Views/HistoryView.swift /Users/apple/Documents/AppleSerialScanner/AppleSerialScanner/Services/AnalyticsService.swift /Users/apple/Documents/AppleSerialScanner/AppleSerialScanner/Utils/PowerManagementService.swift /Users/apple/Documents/AppleSerialScanner/AppleSerialScanner/Models/HealthStatus.swift /Users/apple/Documents/AppleSerialScanner/AppleSerialScanner/Views/SerialScannerView.swift /Users/apple/Documents/AppleSerialScanner/AppleSerialScanner/Services/DiagnosticsLogger.swift /Users/apple/Documents/AppleSerialScanner/AppleSerialScanner/Models/Sorting.swift (in target 'AppleSerialScanner' from project 'AppleSerialScanner')

SwiftCompile normal arm64 /Users/apple/Documents/AppleSerialScanner/AppleSerialScanner/Views/SettingsView.swift (in target 'AppleSerialScanner' from project 'AppleSerialScanner')
    cd /Users/apple/Documents/AppleSerialScanner
    

SwiftCompile normal arm64 /Users/apple/Documents/AppleSerialScanner/AppleSerialScanner/Services/DiagnosticsService.swift (in target 'AppleSerialScanner' from project 'AppleSerialScanner')
    cd /Users/apple/Documents/AppleSerialScanner
    

SwiftCompile normal arm64 /Users/apple/Documents/AppleSerialScanner/AppleSerialScanner/Models/SystemHealthMetrics.swift (in target 'AppleSerialScanner' from project 'AppleSerialScanner')
    cd /Users/apple/Documents/AppleSerialScanner
    

SwiftCompile normal arm64 /Users/apple/Documents/AppleSerialScanner/AppleSerialScanner/Services/MultiFrameConsensusEngine.swift (in target 'AppleSerialScanner' from project 'AppleSerialScanner')
    cd /Users/apple/Documents/AppleSerialScanner
    

SwiftCompile normal arm64 /Users/apple/Documents/AppleSerialScanner/AppleSerialScanner/Views/BaselineMetricsDashboard.swift (in target 'AppleSerialScanner' from project 'AppleSerialScanner')
    cd /Users/apple/Documents/AppleSerialScanner
    

SwiftCompile normal arm64 /Users/apple/Documents/AppleSerialScanner/AppleSerialScanner/Services/ML/CharacterDisambiguator.swift (in target 'AppleSerialScanner' from project 'AppleSerialScanner')
    cd /Users/apple/Documents/AppleSerialScanner
    

SwiftCompile normal arm64 /Users/apple/Documents/AppleSerialScanner/AppleSerialScanner/Services/SerialValidator.swift (in target 'AppleSerialScanner' from project 'AppleSerialScanner')
    cd /Users/apple/Documents/AppleSerialScanner
    

SwiftCompile normal arm64 /Users/apple/Documents/AppleSerialScanner/AppleSerialScanner/Views/HistoryView.swift (in target 'AppleSerialScanner' from project 'AppleSerialScanner')
    cd /Users/apple/Documents/AppleSerialScanner
    

SwiftCompile normal arm64 /Users/apple/Documents/AppleSerialScanner/AppleSerialScanner/Services/AnalyticsService.swift (in target 'AppleSerialScanner' from project 'AppleSerialScanner')
    cd /Users/apple/Documents/AppleSerialScanner
    

SwiftCompile normal arm64 /Users/apple/Documents/AppleSerialScanner/AppleSerialScanner/Utils/PowerManagementService.swift (in target 'AppleSerialScanner' from project 'AppleSerialScanner')
    cd /Users/apple/Documents/AppleSerialScanner
    

SwiftCompile normal arm64 /Users/apple/Documents/AppleSerialScanner/AppleSerialScanner/Models/HealthStatus.swift (in target 'AppleSerialScanner' from project 'AppleSerialScanner')
    cd /Users/apple/Documents/AppleSerialScanner
    

SwiftCompile normal arm64 /Users/apple/Documents/AppleSerialScanner/AppleSerialScanner/Views/SerialScannerView.swift (in target 'AppleSerialScanner' from project 'AppleSerialScanner')
    cd /Users/apple/Documents/AppleSerialScanner
    

SwiftCompile normal arm64 /Users/apple/Documents/AppleSerialScanner/AppleSerialScanner/Services/DiagnosticsLogger.swift (in target 'AppleSerialScanner' from project 'AppleSerialScanner')
    cd /Users/apple/Documents/AppleSerialScanner
    

SwiftCompile normal arm64 /Users/apple/Documents/AppleSerialScanner/AppleSerialScanner/Models/Sorting.swift (in target 'AppleSerialScanner' from project 'AppleSerialScanner')
    cd /Users/apple/Documents/AppleSerialScanner
    

SwiftCompile normal arm64 Compiling\ PerformanceMetricsView.swift,\ AppleSerialValidator.swift,\ Pagination.swift,\ VisionKitLiveScannerView.swift,\ ErrorHandlingService.swift,\ WeeklyAnalyticsTrend.swift,\ PipelineTypes.swift,\ CameraPreviewView.swift,\ MLUtils.swift,\ AppLogger.swift,\ AnalyticsDashboardData.swift,\ StabilityTracker.swift,\ LightingIndicatorView.swift,\ AppleNumbersService.swift /Users/apple/Documents/AppleSerialScanner/AppleSerialScanner/Views/PerformanceMetricsView.swift /Users/apple/Documents/AppleSerialScanner/AppleSerialScanner/Services/AppleSerialValidator.swift /Users/apple/Documents/AppleSerialScanner/AppleSerialScanner/Models/Pagination.swift /Users/apple/Documents/AppleSerialScanner/AppleSerialScanner/Views/VisionKitLiveScannerView.swift /Users/apple/Documents/AppleSerialScanner/AppleSerialScanner/Services/ErrorHandlingService.swift /Users/apple/Documents/AppleSerialScanner/AppleSerialScanner/Models/WeeklyAnalyticsTrend.swift /Users/apple/Documents/AppleSerialScanner/AppleSerialScanner/Services/PipelineTypes.swift /Users/apple/Documents/AppleSerialScanner/AppleSerialScanner/Views/CameraPreviewView.swift /Users/apple/Documents/AppleSerialScanner/AppleSerialScanner/Services/ML/MLUtils.swift /Users/apple/Documents/AppleSerialScanner/AppleSerialScanner/Utils/AppLogger.swift /Users/apple/Documents/AppleSerialScanner/AppleSerialScanner/Models/AnalyticsDashboardData.swift /Users/apple/Documents/AppleSerialScanner/AppleSerialScanner/Services/StabilityTracker.swift /Users/apple/Documents/AppleSerialScanner/AppleSerialScanner/Views/LightingIndicatorView.swift /Users/apple/Documents/AppleSerialScanner/AppleSerialScanner/Services/AppleNumbersService.swift (in target 'AppleSerialScanner' from project 'AppleSerialScanner')
SwiftCompile normal arm64 /Users/apple/Documents/AppleSerialScanner/AppleSerialScanner/Views/PerformanceMetricsView.swift (in target 'AppleSerialScanner' from project 'AppleSerialScanner')
    cd /Users/apple/Documents/AppleSerialScanner
    

SwiftCompile normal arm64 /Users/apple/Documents/AppleSerialScanner/AppleSerialScanner/Services/AppleSerialValidator.swift (in target 'AppleSerialScanner' from project 'AppleSerialScanner')
    cd /Users/apple/Documents/AppleSerialScanner
    

SwiftCompile normal arm64 /Users/apple/Documents/AppleSerialScanner/AppleSerialScanner/Models/Pagination.swift (in target 'AppleSerialScanner' from project 'AppleSerialScanner')
    cd /Users/apple/Documents/AppleSerialScanner
    

SwiftCompile normal arm64 /Users/apple/Documents/AppleSerialScanner/AppleSerialScanner/Views/VisionKitLiveScannerView.swift (in target 'AppleSerialScanner' from project 'AppleSerialScanner')
    cd /Users/apple/Documents/AppleSerialScanner
    

SwiftCompile normal arm64 /Users/apple/Documents/AppleSerialScanner/AppleSerialScanner/Services/ErrorHandlingService.swift (in target 'AppleSerialScanner' from project 'AppleSerialScanner')
    cd /Users/apple/Documents/AppleSerialScanner
    

SwiftCompile normal arm64 /Users/apple/Documents/AppleSerialScanner/AppleSerialScanner/Models/WeeklyAnalyticsTrend.swift (in target 'AppleSerialScanner' from project 'AppleSerialScanner')
    cd /Users/apple/Documents/AppleSerialScanner
    

SwiftCompile normal arm64 /Users/apple/Documents/AppleSerialScanner/AppleSerialScanner/Services/PipelineTypes.swift (in target 'AppleSerialScanner' from project 'AppleSerialScanner')
    cd /Users/apple/Documents/AppleSerialScanner
    

SwiftCompile normal arm64 /Users/apple/Documents/AppleSerialScanner/AppleSerialScanner/Views/CameraPreviewView.swift (in target 'AppleSerialScanner' from project 'AppleSerialScanner')
    cd /Users/apple/Documents/AppleSerialScanner
    

SwiftCompile normal arm64 /Users/apple/Documents/AppleSerialScanner/AppleSerialScanner/Services/ML/MLUtils.swift (in target 'AppleSerialScanner' from project 'AppleSerialScanner')
    cd /Users/apple/Documents/AppleSerialScanner
    

SwiftCompile normal arm64 /Users/apple/Documents/AppleSerialScanner/AppleSerialScanner/Utils/AppLogger.swift (in target 'AppleSerialScanner' from project 'AppleSerialScanner')
    cd /Users/apple/Documents/AppleSerialScanner
    

SwiftCompile normal arm64 /Users/apple/Documents/AppleSerialScanner/AppleSerialScanner/Models/AnalyticsDashboardData.swift (in target 'AppleSerialScanner' from project 'AppleSerialScanner')
    cd /Users/apple/Documents/AppleSerialScanner
    

SwiftCompile normal arm64 /Users/apple/Documents/AppleSerialScanner/AppleSerialScanner/Services/StabilityTracker.swift (in target 'AppleSerialScanner' from project 'AppleSerialScanner')
    cd /Users/apple/Documents/AppleSerialScanner
    

SwiftCompile normal arm64 /Users/apple/Documents/AppleSerialScanner/AppleSerialScanner/Views/LightingIndicatorView.swift (in target 'AppleSerialScanner' from project 'AppleSerialScanner')
    cd /Users/apple/Documents/AppleSerialScanner
    

SwiftCompile normal arm64 /Users/apple/Documents/AppleSerialScanner/AppleSerialScanner/Services/AppleNumbersService.swift (in target 'AppleSerialScanner' from project 'AppleSerialScanner')
    cd /Users/apple/Documents/AppleSerialScanner
    

SwiftCompile normal arm64 Compiling\ AnalyticsFilters.swift,\ SurfacePolarityClassifier.swift,\ Phase2ROIOverlayView.swift,\ BackendService.swift,\ DelegateExtensions.swift,\ PerformanceInsight.swift,\ ExportManager.swift,\ NetworkStatusView.swift,\ RecoveryCoordinator.swift,\ CleanIPadScannerView.swift,\ PreprocessingService.swift,\ BackgroundProcessingManager.swift,\ AnalyticsExportFormat.swift,\ SurfaceDetector.swift /Users/apple/Documents/AppleSerialScanner/AppleSerialScanner/Models/AnalyticsFilters.swift /Users/apple/Documents/AppleSerialScanner/AppleSerialScanner/Services/SurfacePolarityClassifier.swift /Users/apple/Documents/AppleSerialScanner/AppleSerialScanner/Views/Phase2ROIOverlayView.swift /Users/apple/Documents/AppleSerialScanner/AppleSerialScanner/Services/BackendService.swift /Users/apple/Documents/AppleSerialScanner/AppleSerialScanner/ViewModels/DelegateExtensions.swift /Users/apple/Documents/AppleSerialScanner/AppleSerialScanner/Models/PerformanceInsight.swift /Users/apple/Documents/AppleSerialScanner/AppleSerialScanner/Services/ExportManager.swift /Users/apple/Documents/AppleSerialScanner/AppleSerialScanner/Views/Shared/NetworkStatusView.swift /Users/apple/Documents/AppleSerialScanner/AppleSerialScanner/Services/RecoveryCoordinator.swift /Users/apple/Documents/AppleSerialScanner/AppleSerialScanner/Views/CleanIPadScannerView.swift /Users/apple/Documents/AppleSerialScanner/AppleSerialScanner/Services/ML/PreprocessingService.swift /Users/apple/Documents/AppleSerialScanner/AppleSerialScanner/Utils/BackgroundProcessingManager.swift /Users/apple/Documents/AppleSerialScanner/AppleSerialScanner/Models/AnalyticsExportFormat.swift /Users/apple/Documents/AppleSerialScanner/AppleSerialScanner/Services/SurfaceDetector.swift (in target 'AppleSerialScanner' from project 'AppleSerialScanner')

SwiftCompile normal arm64 /Users/apple/Documents/AppleSerialScanner/AppleSerialScanner/Models/AnalyticsFilters.swift (in target 'AppleSerialScanner' from project 'AppleSerialScanner')
    cd /Users/apple/Documents/AppleSerialScanner
    

SwiftCompile normal arm64 /Users/apple/Documents/AppleSerialScanner/AppleSerialScanner/Services/SurfacePolarityClassifier.swift (in target 'AppleSerialScanner' from project 'AppleSerialScanner')
    cd /Users/apple/Documents/AppleSerialScanner
    

SwiftCompile normal arm64 /Users/apple/Documents/AppleSerialScanner/AppleSerialScanner/Views/Phase2ROIOverlayView.swift (in target 'AppleSerialScanner' from project 'AppleSerialScanner')
    cd /Users/apple/Documents/AppleSerialScanner
    

SwiftCompile normal arm64 /Users/apple/Documents/AppleSerialScanner/AppleSerialScanner/Services/BackendService.swift (in target 'AppleSerialScanner' from project 'AppleSerialScanner')
    cd /Users/apple/Documents/AppleSerialScanner
    

SwiftCompile normal arm64 /Users/apple/Documents/AppleSerialScanner/AppleSerialScanner/ViewModels/DelegateExtensions.swift (in target 'AppleSerialScanner' from project 'AppleSerialScanner')
    cd /Users/apple/Documents/AppleSerialScanner
    

SwiftCompile normal arm64 /Users/apple/Documents/AppleSerialScanner/AppleSerialScanner/Models/PerformanceInsight.swift (in target 'AppleSerialScanner' from project 'AppleSerialScanner')
    cd /Users/apple/Documents/AppleSerialScanner
    

SwiftCompile normal arm64 /Users/apple/Documents/AppleSerialScanner/AppleSerialScanner/Services/ExportManager.swift (in target 'AppleSerialScanner' from project 'AppleSerialScanner')
    cd /Users/apple/Documents/AppleSerialScanner
    

SwiftCompile normal arm64 /Users/apple/Documents/AppleSerialScanner/AppleSerialScanner/Views/Shared/NetworkStatusView.swift (in target 'AppleSerialScanner' from project 'AppleSerialScanner')
    cd /Users/apple/Documents/AppleSerialScanner
    

SwiftCompile normal arm64 /Users/apple/Documents/AppleSerialScanner/AppleSerialScanner/Services/RecoveryCoordinator.swift (in target 'AppleSerialScanner' from project 'AppleSerialScanner')
    cd /Users/apple/Documents/AppleSerialScanner
    

SwiftCompile normal arm64 /Users/apple/Documents/AppleSerialScanner/AppleSerialScanner/Views/CleanIPadScannerView.swift (in target 'AppleSerialScanner' from project 'AppleSerialScanner')
    cd /Users/apple/Documents/AppleSerialScanner
    

SwiftCompile normal arm64 /Users/apple/Documents/AppleSerialScanner/AppleSerialScanner/Services/ML/PreprocessingService.swift (in target 'AppleSerialScanner' from project 'AppleSerialScanner')
    cd /Users/apple/Documents/AppleSerialScanner
    

SwiftCompile normal arm64 /Users/apple/Documents/AppleSerialScanner/AppleSerialScanner/Utils/BackgroundProcessingManager.swift (in target 'AppleSerialScanner' from project 'AppleSerialScanner')
    cd /Users/apple/Documents/AppleSerialScanner
    

SwiftCompile normal arm64 /Users/apple/Documents/AppleSerialScanner/AppleSerialScanner/Models/AnalyticsExportFormat.swift (in target 'AppleSerialScanner' from project 'AppleSerialScanner')
    cd /Users/apple/Documents/AppleSerialScanner
    

SwiftCompile normal arm64 /Users/apple/Documents/AppleSerialScanner/AppleSerialScanner/Services/SurfaceDetector.swift (in target 'AppleSerialScanner' from project 'AppleSerialScanner')
    cd /Users/apple/Documents/AppleSerialScanner
    

SwiftCompile normal arm64 Compiling\ SerialRegionDetector.swift,\ CameraManager.swift,\ AnalyticsModels.swift,\ ROIOverlayView.swift,\ BaselineMetricsCollector.swift,\ SerialScannerViewModel.swift,\ ScanHistory.swift,\ AppleSerialScannerApp.swift,\ FrameQualityAnalyzer.swift,\ SharedCameraView.swift,\ ScanningGuidanceService.swift,\ CleanScannerOverlayView.swift,\ SerialFormatClassifier.swift,\ CameraConfigurator.swift /Users/apple/Documents/AppleSerialScanner/AppleSerialScanner/Services/ML/SerialRegionDetector.swift /Users/apple/Documents/AppleSerialScanner/AppleSerialScanner/Utils/CameraManager.swift /Users/apple/Documents/AppleSerialScanner/AppleSerialScanner/Models/AnalyticsModels.swift /Users/apple/Documents/AppleSerialScanner/AppleSerialScanner/Views/ROIOverlayView.swift /Users/apple/Documents/AppleSerialScanner/AppleSerialScanner/Services/BaselineMetricsCollector.swift /Users/apple/Documents/AppleSerialScanner/AppleSerialScanner/ViewModels/SerialScannerViewModel.swift /Users/apple/Documents/AppleSerialScanner/AppleSerialScanner/Models/ScanHistory.swift /Users/apple/Documents/AppleSerialScanner/AppleSerialScanner/AppleSerialScannerApp.swift /Users/apple/Documents/AppleSerialScanner/AppleSerialScanner/Services/FrameQualityAnalyzer.swift /Users/apple/Documents/AppleSerialScanner/AppleSerialScanner/Views/Shared/SharedCameraView.swift /Users/apple/Documents/AppleSerialScanner/AppleSerialScanner/Services/ScanningGuidanceService.swift /Users/apple/Documents/AppleSerialScanner/AppleSerialScanner/Views/CleanScannerOverlayView.swift /Users/apple/Documents/AppleSerialScanner/AppleSerialScanner/Services/ML/SerialFormatClassifier.swift /Users/apple/Documents/AppleSerialScanner/AppleSerialScanner/Utils/CameraConfigurator.swift (in target 'AppleSerialScanner' from project 'AppleSerialScanner')

SwiftCompile normal arm64 /Users/apple/Documents/AppleSerialScanner/AppleSerialScanner/Services/ML/SerialRegionDetector.swift (in target 'AppleSerialScanner' from project 'AppleSerialScanner')
    cd /Users/apple/Documents/AppleSerialScanner
    

SwiftCompile normal arm64 /Users/apple/Documents/AppleSerialScanner/AppleSerialScanner/Utils/CameraManager.swift (in target 'AppleSerialScanner' from project 'AppleSerialScanner')
    cd /Users/apple/Documents/AppleSerialScanner
    

SwiftCompile normal arm64 /Users/apple/Documents/AppleSerialScanner/AppleSerialScanner/Models/AnalyticsModels.swift (in target 'AppleSerialScanner' from project 'AppleSerialScanner')
    cd /Users/apple/Documents/AppleSerialScanner
    

SwiftCompile normal arm64 /Users/apple/Documents/AppleSerialScanner/AppleSerialScanner/Views/ROIOverlayView.swift (in target 'AppleSerialScanner' from project 'AppleSerialScanner')
    cd /Users/apple/Documents/AppleSerialScanner
    

SwiftCompile normal arm64 /Users/apple/Documents/AppleSerialScanner/AppleSerialScanner/Services/BaselineMetricsCollector.swift (in target 'AppleSerialScanner' from project 'AppleSerialScanner')
    cd /Users/apple/Documents/AppleSerialScanner
    

SwiftCompile normal arm64 /Users/apple/Documents/AppleSerialScanner/AppleSerialScanner/ViewModels/SerialScannerViewModel.swift (in target 'AppleSerialScanner' from project 'AppleSerialScanner')
    cd /Users/apple/Documents/AppleSerialScanner
    

SwiftCompile normal arm64 /Users/apple/Documents/AppleSerialScanner/AppleSerialScanner/Models/ScanHistory.swift (in target 'AppleSerialScanner' from project 'AppleSerialScanner')
    cd /Users/apple/Documents/AppleSerialScanner
    

SwiftCompile normal arm64 /Users/apple/Documents/AppleSerialScanner/AppleSerialScanner/AppleSerialScannerApp.swift (in target 'AppleSerialScanner' from project 'AppleSerialScanner')
    cd /Users/apple/Documents/AppleSerialScanner
    

SwiftCompile normal arm64 /Users/apple/Documents/AppleSerialScanner/AppleSerialScanner/Services/FrameQualityAnalyzer.swift (in target 'AppleSerialScanner' from project 'AppleSerialScanner')
    cd /Users/apple/Documents/AppleSerialScanner
    

SwiftCompile normal arm64 /Users/apple/Documents/AppleSerialScanner/AppleSerialScanner/Views/Shared/SharedCameraView.swift (in target 'AppleSerialScanner' from project 'AppleSerialScanner')
    cd /Users/apple/Documents/AppleSerialScanner
    

SwiftCompile normal arm64 /Users/apple/Documents/AppleSerialScanner/AppleSerialScanner/Services/ScanningGuidanceService.swift (in target 'AppleSerialScanner' from project 'AppleSerialScanner')
    cd /Users/apple/Documents/AppleSerialScanner
    

SwiftCompile normal arm64 /Users/apple/Documents/AppleSerialScanner/AppleSerialScanner/Views/CleanScannerOverlayView.swift (in target 'AppleSerialScanner' from project 'AppleSerialScanner')
    cd /Users/apple/Documents/AppleSerialScanner
    

SwiftCompile normal arm64 /Users/apple/Documents/AppleSerialScanner/AppleSerialScanner/Services/ML/SerialFormatClassifier.swift (in target 'AppleSerialScanner' from project 'AppleSerialScanner')
    cd /Users/apple/Documents/AppleSerialScanner
    

SwiftCompile normal arm64 /Users/apple/Documents/AppleSerialScanner/AppleSerialScanner/Utils/CameraConfigurator.swift (in target 'AppleSerialScanner' from project 'AppleSerialScanner')
    cd /Users/apple/Documents/AppleSerialScanner
    

SwiftCompile normal arm64 Compiling\ SerialScannerPipeline.swift,\ EnhancedScannerOverlay.swift,\ AccessibilityManager.swift,\ PlatformCompatibility.swift,\ ConsensusAnalyticsModels.swift,\ ScannerControlsView.swift,\ CameraControlService.swift,\ SerialScannerViewModel+PowerManagement.swift,\ SerialResponse.swift,\ ContentView.swift,\ HealthMonitoringService.swift,\ AccessoryPresetSelectorView.swift,\ UIFeedbackManager.swift,\ SerialOCREnhancer.swift /Users/apple/Documents/AppleSerialScanner/AppleSerialScanner/Services/SerialScannerPipeline.swift /Users/apple/Documents/AppleSerialScanner/AppleSerialScanner/Views/EnhancedScannerOverlay.swift /Users/apple/Documents/AppleSerialScanner/AppleSerialScanner/Services/AccessibilityManager.swift /Users/apple/Documents/AppleSerialScanner/AppleSerialScanner/Utils/PlatformCompatibility.swift /Users/apple/Documents/AppleSerialScanner/AppleSerialScanner/Models/ConsensusAnalyticsModels.swift /Users/apple/Documents/AppleSerialScanner/AppleSerialScanner/Views/ScannerControlsView.swift /Users/apple/Documents/AppleSerialScanner/AppleSerialScanner/Services/CameraControlService.swift /Users/apple/Documents/AppleSerialScanner/AppleSerialScanner/ViewModels/SerialScannerViewModel+PowerManagement.swift /Users/apple/Documents/AppleSerialScanner/AppleSerialScanner/Models/SerialResponse.swift /Users/apple/Documents/AppleSerialScanner/AppleSerialScanner/ContentView.swift /Users/apple/Documents/AppleSerialScanner/AppleSerialScanner/Services/HealthMonitoringService.swift /Users/apple/Documents/AppleSerialScanner/AppleSerialScanner/Views/AccessoryPresetSelectorView.swift /Users/apple/Documents/AppleSerialScanner/AppleSerialScanner/Services/UIFeedbackManager.swift /Users/apple/Documents/AppleSerialScanner/AppleSerialScanner/Services/SerialOCREnhancer.swift (in target 'AppleSerialScanner' from project 'AppleSerialScanner')
Failed frontend command:
/Applications/Xcode.app/Contents/Developer/Toolchains/XcodeDefault.xctoolchain/usr/bin/swift-frontend -frontend -c /Users/apple/Documents/AppleSerialScanner/AppleSerialScanner/Services/ML/SerialRegionDetector.swift /Users/apple/Documents/AppleSerialScanner/AppleSerialScanner/Utils/CameraManager.swift /Users/apple/Documents/AppleSerialScanner/AppleSerialScanner/Models/AnalyticsModels.swift /Users/apple/Documents/AppleSerialScanner/AppleSerialScanner/Views/ROIOverlayView.swift /Users/apple/Documents/AppleSerialScanner/AppleSerialScanner/Services/BaselineMetricsCollector.swift /Users/apple/Documents/AppleSerialScanner/AppleSerialScanner/ViewModels/SerialScannerViewModel.swift /Users/apple/Documents/AppleSerialScanner/AppleSerialScanner/Models/ScanHistory.swift /Users/apple/Documents/AppleSerialScanner/AppleSerialScanner/AppleSerialScannerApp.swift /Users/apple/Documents/AppleSerialScanner/AppleSerialScanner/Services/FrameQualityAnalyzer.swift /Users/apple/Documents/AppleSerialScanner/AppleSerialScanner/Views/Shared/SharedCameraView.swift /Users/apple/Documents/AppleSerialScanner/AppleSerialScanner/Services/ScanningGuidanceService.swift /Users/apple/Documents/AppleSerialScanner/AppleSerialScanner/Views/CleanScannerOverlayView.swift /Users/apple/Documents/AppleSerialScanner/AppleSerialScanner/Services/ML/SerialFormatClassifier.swift /Users/apple/Documents/AppleSerialScanner/AppleSerialScanner/Utils/CameraConfigurator.swift /Users/apple/Documents/AppleSerialScanner/AppleSerialScanner/Models/AnalyticsFilters.swift /Users/apple/Documents/AppleSerialScanner/AppleSerialScanner/Services/SurfacePolarityClassifier.swift /Users/apple/Documents/AppleSerialScanner/AppleSerialScanner/Views/Phase2ROIOverlayView.swift /Users/apple/Documents/AppleSerialScanner/AppleSerialScanner/Services/BackendService.swift /Users/apple/Documents/AppleSerialScanner/AppleSerialScanner/ViewModels/DelegateExtensions.swift /Users/apple/Documents/AppleSerialScanner/AppleSerialScanner/Models/PerformanceInsight.swift /Users/apple/Documents/AppleSerialScanner/AppleSerialScanner/Services/ExportManager.swift /Users/apple/Documents/AppleSerialScanner/AppleSerialScanner/Views/Shared/NetworkStatusView.swift /Users/apple/Documents/AppleSerialScanner/AppleSerialScanner/Services/RecoveryCoordinator.swift /Users/apple/Documents/AppleSerialScanner/AppleSerialScanner/Views/CleanIPadScannerView.swift /Users/apple/Documents/AppleSerialScanner/AppleSerialScanner/Services/ML/PreprocessingService.swift /Users/apple/Documents/AppleSerialScanner/AppleSerialScanner/Utils/BackgroundProcessingManager.swift /Users/apple/Documents/AppleSerialScanner/AppleSerialScanner/Models/AnalyticsExportFormat.swift /Users/apple/Documents/AppleSerialScanner/AppleSerialScanner/Services/SurfaceDetector.swift /Users/apple/Documents/AppleSerialScanner/AppleSerialScanner/Views/PerformanceMetricsView.swift /Users/apple/Documents/AppleSerialScanner/AppleSerialScanner/Services/AppleSerialValidator.swift /Users/apple/Documents/AppleSerialScanner/AppleSerialScanner/Models/Pagination.swift /Users/apple/Documents/AppleSerialScanner/AppleSerialScanner/Views/VisionKitLiveScannerView.swift /Users/apple/Documents/AppleSerialScanner/AppleSerialScanner/Services/ErrorHandlingService.swift /Users/apple/Documents/AppleSerialScanner/AppleSerialScanner/Models/WeeklyAnalyticsTrend.swift /Users/apple/Documents/AppleSerialScanner/AppleSerialScanner/Services/PipelineTypes.swift /Users/apple/Documents/AppleSerialScanner/AppleSerialScanner/Views/CameraPreviewView.swift /Users/apple/Documents/AppleSerialScanner/AppleSerialScanner/Services/ML/MLUtils.swift /Users/apple/Documents/AppleSerialScanner/AppleSerialScanner/Utils/AppLogger.swift /Users/apple/Documents/AppleSerialScanner/AppleSerialScanner/Models/AnalyticsDashboardData.swift /Users/apple/Documents/AppleSerialScanner/AppleSerialScanner/Services/StabilityTracker.swift /Users/apple/Documents/AppleSerialScanner/AppleSerialScanner/Views/LightingIndicatorView.swift /Users/apple/Documents/AppleSerialScanner/AppleSerialScanner/Services/AppleNumbersService.swift /Users/apple/Documents/AppleSerialScanner/AppleSerialScanner/Utils/SerialTextRecognitionOptimizer.swift /Users/apple/Documents/AppleSerialScanner/AppleSerialScanner/Models/NumbersTemplate.swift /Users/apple/Documents/AppleSerialScanner/AppleSerialScanner/Views/SurfaceIndicatorView.swift /Users/apple/Documents/AppleSerialScanner/AppleSerialScanner/Services/EnhancedSerialValidator.swift /Users/apple/Documents/AppleSerialScanner/AppleSerialScanner/Models/SystemStats.swift /Users/apple/Documents/AppleSerialScanner/AppleSerialScanner/Services/Phase3SerialOCRTuner.swift /Users/apple/Documents/AppleSerialScanner/AppleSerialScanner/Views/BatchProcessingView.swift /Users/apple/Documents/AppleSerialScanner/AppleSerialScanner/Services/ML/MLModelLoader.swift /Users/apple/Documents/AppleSerialScanner/AppleSerialScanner/Models/AnalyticsConfiguration.swift /Users/apple/Documents/AppleSerialScanner/AppleSerialScanner/Services/SmartROIDetector.swift /Users/apple/Documents/AppleSerialScanner/AppleSerialScanner/Views/IPadOptimizedSerialScannerView.swift /Users/apple/Documents/AppleSerialScanner/AppleSerialScanner/Services/AngleDetector.swift /Users/apple/Documents/AppleSerialScanner/AppleSerialScanner/Utils/SecureStore.swift /Users/apple/Documents/AppleSerialScanner/AppleSerialScanner/Models/HistoryResponse.swift /Users/apple/Documents/AppleSerialScanner/AppleSerialScanner/Views/SettingsView.swift /Users/apple/Documents/AppleSerialScanner/AppleSerialScanner/Services/DiagnosticsService.swift /Users/apple/Documents/AppleSerialScanner/AppleSerialScanner/Models/SystemHealthMetrics.swift /Users/apple/Documents/AppleSerialScanner/AppleSerialScanner/Services/MultiFrameConsensusEngine.swift /Users/apple/Documents/AppleSerialScanner/AppleSerialScanner/Views/BaselineMetricsDashboard.swift /Users/apple/Documents/AppleSerialScanner/AppleSerialScanner/Services/ML/CharacterDisambiguator.swift /Users/apple/Documents/AppleSerialScanner/AppleSerialScanner/Services/SerialValidator.swift /Users/apple/Documents/AppleSerialScanner/AppleSerialScanner/Views/HistoryView.swift /Users/apple/Documents/AppleSerialScanner/AppleSerialScanner/Services/AnalyticsService.swift /Users/apple/Documents/AppleSerialScanner/AppleSerialScanner/Utils/PowerManagementService.swift /Users/apple/Documents/AppleSerialScanner/AppleSerialScanner/Models/HealthStatus.swift /Users/apple/Documents/AppleSerialScanner/AppleSerialScanner/Views/SerialScannerView.swift /Users/apple/Documents/AppleSerialScanner/AppleSerialScanner/Services/DiagnosticsLogger.swift /Users/apple/Documents/AppleSerialScanner/AppleSerialScanner/Models/Sorting.swift /Users/apple/Documents/AppleSerialScanner/AppleSerialScanner/Services/LightingAnalyzer.swift /Users/apple/Documents/AppleSerialScanner/AppleSerialScanner/Views/AngleIndicatorView.swift /Users/apple/Documents/AppleSerialScanner/AppleSerialScanner/Models/ML/CoreMLModelDefinitions.swift /Users/apple/Documents/AppleSerialScanner/AppleSerialScanner/Services/SerialScannerRecoveryManager.swift /Users/apple/Documents/AppleSerialScanner/AppleSerialScanner/Views/ExportView.swift /Users/apple/Documents/AppleSerialScanner/AppleSerialScanner/Services/AmbiguityResolver.swift /Users/apple/Documents/AppleSerialScanner/AppleSerialScanner/Utils/PlatformDetector.swift /Users/apple/Documents/AppleSerialScanner/AppleSerialScanner/Models/Filters.swift /Users/apple/Documents/AppleSerialScanner/AppleSerialScanner/Views/ScannerSettingsView.swift /Users/apple/Documents/AppleSerialScanner/AppleSerialScanner/Services/ClientConfig.swift /Users/apple/Documents/AppleSerialScanner/AppleSerialScanner/Models/SerialSubmission.swift /Users/apple/Documents/AppleSerialScanner/AppleSerialScanner/Services/ImagePreprocessor.swift /Users/apple/Documents/AppleSerialScanner/AppleSerialScanner/Views/AnalyticsDashboardView.swift /Users/apple/Documents/AppleSerialScanner/AppleSerialScanner/Services/VisionTextRecognizer.swift -primary-file /Users/apple/Documents/AppleSerialScanner/AppleSerialScanner/Services/SerialScannerPipeline.swift -primary-file /Users/apple/Documents/AppleSerialScanner/AppleSerialScanner/Views/EnhancedScannerOverlay.swift -primary-file /Users/apple/Documents/AppleSerialScanner/AppleSerialScanner/Services/AccessibilityManager.swift -primary-file /Users/apple/Documents/AppleSerialScanner/AppleSerialScanner/Utils/PlatformCompatibility.swift -primary-file /Users/apple/Documents/AppleSerialScanner/AppleSerialScanner/Models/ConsensusAnalyticsModels.swift -primary-file /Users/apple/Documents/AppleSerialScanner/AppleSerialScanner/Views/ScannerControlsView.swift -primary-file /Users/apple/Documents/AppleSerialScanner/AppleSerialScanner/Services/CameraControlService.swift -primary-file /Users/apple/Documents/AppleSerialScanner/AppleSerialScanner/ViewModels/SerialScannerViewModel+PowerManagement.swift -primary-file /Users/apple/Documents/AppleSerialScanner/AppleSerialScanner/Models/SerialResponse.swift -primary-file /Users/apple/Documents/AppleSerialScanner/AppleSerialScanner/ContentView.swift -primary-file /Users/apple/Documents/AppleSerialScanner/AppleSerialScanner/Services/HealthMonitoringService.swift -primary-file /Users/apple/Documents/AppleSerialScanner/AppleSerialScanner/Views/AccessoryPresetSelectorView.swift -primary-file /Users/apple/Documents/AppleSerialScanner/AppleSerialScanner/Services/UIFeedbackManager.swift -primary-file /Users/apple/Documents/AppleSerialScanner/AppleSerialScanner/Services/SerialOCREnhancer.swift /Users/apple/Documents/AppleSerialScanner/AppleSerialScanner/Views/EnhancedCameraView.swift /Users/apple/Documents/AppleSerialScanner/AppleSerialScanner/Services/ML/Untitled.swift /Users/apple/Documents/AppleSerialScanner/AppleSerialScanner/Utils/IPadSerialScannerOptimizer.swift /Users/apple/Documents/AppleSerialScanner/AppleSerialScanner/Models/BatchModels.swift /Users/apple/Documents/AppleSerialScanner/AppleSerialScanner/Views/ROIRectangleView.swift /Users/apple/Documents/AppleSerialScanner/AppleSerialScanner/Services/BatchProcessor.swift /Users/apple/Documents/AppleSerialScanner/AppleSerialScanner/ViewModels/SerialScannerViewModel+Extensions.swift /Users/apple/Documents/AppleSerialScanner/AppleSerialScanner/Models/ScannerTypes.swift /Users/apple/Documents/AppleSerialScanner/AppleSerialScanner/Services/GoogleSheetsService.swift /Users/apple/Documents/AppleSerialScanner/AppleSerialScanner/Views/AccessoryPresetManager.swift /Users/apple/Documents/AppleSerialScanner/AppleSerialScanner/Services/TelemetryService.swift /Users/apple/Documents/AppleSerialScanner/AppleSerialScanner/Services/ScreenDetector.swift /Users/apple/Documents/AppleSerialScanner/AppleSerialScanner/Views/DeviceTypeAwareScannerView.swift -supplementary-output-file-map /Users/apple/Library/Developer/Xcode/DerivedData/AppleSerialScanner-erivtrcpyuanopapbynpbfhlizso/Build/Intermediates.noindex/AppleSerialScanner.build/Debug/AppleSerialScanner.build/Objects-normal/arm64/supplementaryOutputs-7 -emit-localized-strings -emit-localized-strings-path /Users/apple/Library/Developer/Xcode/DerivedData/AppleSerialScanner-erivtrcpyuanopapbynpbfhlizso/Build/Intermediates.noindex/AppleSerialScanner.build/Debug/AppleSerialScanner.build/Objects-normal/arm64 -target arm64-apple-macos15.5 -Xllvm -aarch64-use-tbi -enable-objc-interop -stack-check -sdk /Applications/Xcode.app/Contents/Developer/Platforms/MacOSX.platform/Developer/SDKs/MacOSX15.5.sdk -I /Users/apple/Library/Developer/Xcode/DerivedData/AppleSerialScanner-erivtrcpyuanopapbynpbfhlizso/Build/Products/Debug -F /Users/apple/Library/Developer/Xcode/DerivedData/AppleSerialScanner-erivtrcpyuanopapbynpbfhlizso/Build/Products/Debug -no-color-diagnostics -enable-testing -g -debug-info-format\=dwarf -dwarf-version\=5 -module-cache-path /Users/apple/Library/Developer/Xcode/DerivedData/ModuleCache.noindex -profile-generate -profile-coverage-mapping -swift-version 5 -enforce-exclusivity\=checked -Onone -D DEBUG -serialize-debugging-options -const-gather-protocols-file /Users/apple/Library/Developer/Xcode/DerivedData/AppleSerialScanner-erivtrcpyuanopapbynpbfhlizso/Build/Intermediates.noindex/AppleSerialScanner.build/Debug/AppleSerialScanner.build/Objects-normal/arm64/AppleSerialScanner_const_extract_protocols.json -enable-experimental-feature DebugDescriptionMacro -enable-bare-slash-regex -empty-abi-descriptor -validate-clang-modules-once -clang-build-session-file /Users/apple/Library/Developer/Xcode/DerivedData/ModuleCache.noindex/Session.modulevalidation -Xcc -working-directory -Xcc /Users/apple/Documents/AppleSerialScanner -resource-dir /Applications/Xcode.app/Contents/Developer/Toolchains/XcodeDefault.xctoolchain/usr/lib/swift -enable-anonymous-context-mangled-names -file-compilation-dir /Users/apple/Documents/AppleSerialScanner -Xcc -ivfsstatcache -Xcc /Users/apple/Library/Developer/Xcode/DerivedData/SDKStatCaches.noindex/macosx15.5-24F74-8254517eb8b97d462ccbc072ba9094c9.sdkstatcache -Xcc -I/Users/apple/Library/Developer/Xcode/DerivedData/AppleSerialScanner-erivtrcpyuanopapbynpbfhlizso/Build/Intermediates.noindex/AppleSerialScanner.build/Debug/AppleSerialScanner.build/swift-overrides.hmap -Xcc -iquote -Xcc /Users/apple/Library/Developer/Xcode/DerivedData/AppleSerialScanner-erivtrcpyuanopapbynpbfhlizso/Build/Intermediates.noindex/AppleSerialScanner.build/Debug/AppleSerialScanner.build/AppleSerialScanner-generated-files.hmap -Xcc -I/Users/apple/Library/Developer/Xcode/DerivedData/AppleSerialScanner-erivtrcpyuanopapbynpbfhlizso/Build/Intermediates.noindex/AppleSerialScanner.build/Debug/AppleSerialScanner.build/AppleSerialScanner-own-target-headers.hmap -Xcc -I/Users/apple/Library/Developer/Xcode/DerivedData/AppleSerialScanner-erivtrcpyuanopapbynpbfhlizso/Build/Intermediates.noindex/AppleSerialScanner.build/Debug/AppleSerialScanner.build/AppleSerialScanner-all-target-headers.hmap -Xcc -iquote -Xcc /Users/apple/Library/Developer/Xcode/DerivedData/AppleSerialScanner-erivtrcpyuanopapbynpbfhlizso/Build/Intermediates.noindex/AppleSerialScanner.build/Debug/AppleSerialScanner.build/AppleSerialScanner-project-headers.hmap -Xcc -I/Users/apple/Library/Developer/Xcode/DerivedData/AppleSerialScanner-erivtrcpyuanopapbynpbfhlizso/Build/Products/Debug/include -Xcc -I/Users/apple/Library/Developer/Xcode/DerivedData/AppleSerialScanner-erivtrcpyuanopapbynpbfhlizso/Build/Intermediates.noindex/AppleSerialScanner.build/Debug/AppleSerialScanner.build/DerivedSources-normal/arm64 -Xcc -I/Users/apple/Library/Developer/Xcode/DerivedData/AppleSerialScanner-erivtrcpyuanopapbynpbfhlizso/Build/Intermediates.noindex/AppleSerialScanner.build/Debug/AppleSerialScanner.build/DerivedSources/arm64 -Xcc -I/Users/apple/Library/Developer/Xcode/DerivedData/AppleSerialScanner-erivtrcpyuanopapbynpbfhlizso/Build/Intermediates.noindex/AppleSerialScanner.build/Debug/AppleSerialScanner.build/DerivedSources -Xcc -DDEBUG\=1 -module-name AppleSerialScanner -frontend-parseable-output -disable-clang-spi -target-sdk-version 15.5 -target-sdk-name macosx15.5 -external-plugin-path /Applications/Xcode.app/Contents/Developer/Platforms/MacOSX.platform/Developer/usr/lib/swift/host/plugins\#/Applications/Xcode.app/Contents/Developer/Platforms/MacOSX.platform/Developer/usr/bin/swift-plugin-server -external-plugin-path /Applications/Xcode.app/Contents/Developer/Platforms/MacOSX.platform/Developer/usr/local/lib/swift/host/plugins\#/Applications/Xcode.app/Contents/Developer/Platforms/MacOSX.platform/Developer/usr/bin/swift-plugin-server -in-process-plugin-server-path /Applications/Xcode.app/Contents/Developer/Toolchains/XcodeDefault.xctoolchain/usr/lib/swift/host/libSwiftInProcPluginServer.dylib -plugin-path /Applications/Xcode.app/Contents/Developer/Toolchains/XcodeDefault.xctoolchain/usr/lib/swift/host/plugins -plugin-path /Applications/Xcode.app/Contents/Developer/Toolchains/XcodeDefault.xctoolchain/usr/local/lib/swift/host/plugins -o /Users/apple/Library/Developer/Xcode/DerivedData/AppleSerialScanner-erivtrcpyuanopapbynpbfhlizso/Build/Intermediates.noindex/AppleSerialScanner.build/Debug/AppleSerialScanner.build/Objects-normal/arm64/SerialScannerPipeline.o -o /Users/apple/Library/Developer/Xcode/DerivedData/AppleSerialScanner-erivtrcpyuanopapbynpbfhlizso/Build/Intermediates.noindex/AppleSerialScanner.build/Debug/AppleSerialScanner.build/Objects-normal/arm64/EnhancedScannerOverlay.o -o /Users/apple/Library/Developer/Xcode/DerivedData/AppleSerialScanner-erivtrcpyuanopapbynpbfhlizso/Build/Intermediates.noindex/AppleSerialScanner.build/Debug/AppleSerialScanner.build/Objects-normal/arm64/AccessibilityManager.o -o /Users/apple/Library/Developer/Xcode/DerivedData/AppleSerialScanner-erivtrcpyuanopapbynpbfhlizso/Build/Intermediates.noindex/AppleSerialScanner.build/Debug/AppleSerialScanner.build/Objects-normal/arm64/PlatformCompatibility.o -o /Users/apple/Library/Developer/Xcode/DerivedData/AppleSerialScanner-erivtrcpyuanopapbynpbfhlizso/Build/Intermediates.noindex/AppleSerialScanner.build/Debug/AppleSerialScanner.build/Objects-normal/arm64/ConsensusAnalyticsModels.o -o /Users/apple/Library/Developer/Xcode/DerivedData/AppleSerialScanner-erivtrcpyuanopapbynpbfhlizso/Build/Intermediates.noindex/AppleSerialScanner.build/Debug/AppleSerialScanner.build/Objects-normal/arm64/ScannerControlsView.o -o /Users/apple/Library/Developer/Xcode/DerivedData/AppleSerialScanner-erivtrcpyuanopapbynpbfhlizso/Build/Intermediates.noindex/AppleSerialScanner.build/Debug/AppleSerialScanner.build/Objects-normal/arm64/CameraControlService.o -o /Users/apple/Library/Developer/Xcode/DerivedData/AppleSerialScanner-erivtrcpyuanopapbynpbfhlizso/Build/Intermediates.noindex/AppleSerialScanner.build/Debug/AppleSerialScanner.build/Objects-normal/arm64/SerialScannerViewModel+PowerManagement.o -o /Users/apple/Library/Developer/Xcode/DerivedData/AppleSerialScanner-erivtrcpyuanopapbynpbfhlizso/Build/Intermediates.noindex/AppleSerialScanner.build/Debug/AppleSerialScanner.build/Objects-normal/arm64/SerialResponse.o -o /Users/apple/Library/Developer/Xcode/DerivedData/AppleSerialScanner-erivtrcpyuanopapbynpbfhlizso/Build/Intermediates.noindex/AppleSerialScanner.build/Debug/AppleSerialScanner.build/Objects-normal/arm64/ContentView.o -o /Users/apple/Library/Developer/Xcode/DerivedData/AppleSerialScanner-erivtrcpyuanopapbynpbfhlizso/Build/Intermediates.noindex/AppleSerialScanner.build/Debug/AppleSerialScanner.build/Objects-normal/arm64/HealthMonitoringService.o -o /Users/apple/Library/Developer/Xcode/DerivedData/AppleSerialScanner-erivtrcpyuanopapbynpbfhlizso/Build/Intermediates.noindex/AppleSerialScanner.build/Debug/AppleSerialScanner.build/Objects-normal/arm64/AccessoryPresetSelectorView.o -o /Users/apple/Library/Developer/Xcode/DerivedData/AppleSerialScanner-erivtrcpyuanopapbynpbfhlizso/Build/Intermediates.noindex/AppleSerialScanner.build/Debug/AppleSerialScanner.build/Objects-normal/arm64/UIFeedbackManager.o -o /Users/apple/Library/Developer/Xcode/DerivedData/AppleSerialScanner-erivtrcpyuanopapbynpbfhlizso/Build/Intermediates.noindex/AppleSerialScanner.build/Debug/AppleSerialScanner.build/Objects-normal/arm64/SerialOCREnhancer.o -index-unit-output-path /AppleSerialScanner.build/Debug/AppleSerialScanner.build/Objects-normal/arm64/SerialScannerPipeline.o -index-unit-output-path /AppleSerialScanner.build/Debug/AppleSerialScanner.build/Objects-normal/arm64/EnhancedScannerOverlay.o -index-unit-output-path /AppleSerialScanner.build/Debug/AppleSerialScanner.build/Objects-normal/arm64/AccessibilityManager.o -index-unit-output-path /AppleSerialScanner.build/Debug/AppleSerialScanner.build/Objects-normal/arm64/PlatformCompatibility.o -index-unit-output-path /AppleSerialScanner.build/Debug/AppleSerialScanner.build/Objects-normal/arm64/ConsensusAnalyticsModels.o -index-unit-output-path /AppleSerialScanner.build/Debug/AppleSerialScanner.build/Objects-normal/arm64/ScannerControlsView.o -index-unit-output-path /AppleSerialScanner.build/Debug/AppleSerialScanner.build/Objects-normal/arm64/CameraControlService.o -index-unit-output-path /AppleSerialScanner.build/Debug/AppleSerialScanner.build/Objects-normal/arm64/SerialScannerViewModel+PowerManagement.o -index-unit-output-path /AppleSerialScanner.build/Debug/AppleSerialScanner.build/Objects-normal/arm64/SerialResponse.o -index-unit-output-path /AppleSerialScanner.build/Debug/AppleSerialScanner.build/Objects-normal/arm64/ContentView.o -index-unit-output-path /AppleSerialScanner.build/Debug/AppleSerialScanner.build/Objects-normal/arm64/HealthMonitoringService.o -index-unit-output-path /AppleSerialScanner.build/Debug/AppleSerialScanner.build/Objects-normal/arm64/AccessoryPresetSelectorView.o -index-unit-output-path /AppleSerialScanner.build/Debug/AppleSerialScanner.build/Objects-normal/arm64/UIFeedbackManager.o -index-unit-output-path /AppleSerialScanner.build/Debug/AppleSerialScanner.build/Objects-normal/arm64/SerialOCREnhancer.o -index-store-path /Users/apple/Library/Developer/Xcode/DerivedData/AppleSerialScanner-erivtrcpyuanopapbynpbfhlizso/Index.noindex/DataStore -index-system-modules

SwiftCompile normal arm64 /Users/apple/Documents/AppleSerialScanner/AppleSerialScanner/Services/SerialScannerPipeline.swift (in target 'AppleSerialScanner' from project 'AppleSerialScanner')
    cd /Users/apple/Documents/AppleSerialScanner
    
/Users/apple/Documents/AppleSerialScanner/AppleSerialScanner/Services/SerialScannerPipeline.swift:70:34: warning: capture of 'pixelBuffer' with non-sendable type 'CVPixelBuffer' (aka 'CVBuffer') in an isolated closure; this is an error in the Swift 6 language mode
                    pixelBuffer: pixelBuffer,
                                 ^
CoreVideo.CVBuffer:1:14: note: class 'CVBuffer' does not conform to the 'Sendable' protocol
public class CVBuffer : _CFObject {
             ^
/Users/apple/Documents/AppleSerialScanner/AppleSerialScanner/Services/SerialScannerPipeline.swift:78:21: warning: capture of 'self' with non-sendable type 'SerialScannerPipeline' in a '@Sendable' closure
                    self.isProcessing = false
                    ^
/Users/apple/Documents/AppleSerialScanner/AppleSerialScanner/Services/SerialScannerPipeline.swift:10:7: note: class 'SerialScannerPipeline' does not conform to the 'Sendable' protocol
class SerialScannerPipeline {
      ^
/Users/apple/Documents/AppleSerialScanner/AppleSerialScanner/Services/SerialScannerPipeline.swift:79:32: warning: capture of 'result' with non-sendable type 'PipelineResult' in a '@Sendable' closure
                    completion(result)
                               ^
/Users/apple/Documents/AppleSerialScanner/AppleSerialScanner/Services/PipelineTypes.swift:45:6: note: consider making enum 'PipelineResult' conform to the 'Sendable' protocol
enum PipelineResult {
     ^
                    : Sendable
/Users/apple/Documents/AppleSerialScanner/AppleSerialScanner/Services/SerialScannerPipeline.swift:122:33: warning: no calls to throwing functions occur within 'try' expression
            let fastOCRResult = try await performFastOCRWithMetrics(
                                ^
/Users/apple/Documents/AppleSerialScanner/AppleSerialScanner/Services/SerialScannerPipeline.swift:176:11: warning: 'catch' block is unreachable because no errors are thrown in 'do' block
        } catch {
          ^
/Users/apple/Documents/AppleSerialScanner/AppleSerialScanner/Services/SerialScannerPipeline.swift:242:48: error: value of type 'StabilityTracker' has no member 'getStabilityMetrics'
            stabilityMetrics: stabilityTracker.getStabilityMetrics(),
                              ~~~~~~~~~~~~~~~~ ^~~~~~~~~~~~~~~~~~~

SwiftCompile normal arm64 /Users/apple/Documents/AppleSerialScanner/AppleSerialScanner/Views/EnhancedScannerOverlay.swift (in target 'AppleSerialScanner' from project 'AppleSerialScanner')
    cd /Users/apple/Documents/AppleSerialScanner
    

SwiftCompile normal arm64 /Users/apple/Documents/AppleSerialScanner/AppleSerialScanner/Services/AccessibilityManager.swift (in target 'AppleSerialScanner' from project 'AppleSerialScanner')
    cd /Users/apple/Documents/AppleSerialScanner
    

SwiftCompile normal arm64 /Users/apple/Documents/AppleSerialScanner/AppleSerialScanner/Utils/PlatformCompatibility.swift (in target 'AppleSerialScanner' from project 'AppleSerialScanner')
    cd /Users/apple/Documents/AppleSerialScanner
    

SwiftCompile normal arm64 /Users/apple/Documents/AppleSerialScanner/AppleSerialScanner/Models/ConsensusAnalyticsModels.swift (in target 'AppleSerialScanner' from project 'AppleSerialScanner')
    cd /Users/apple/Documents/AppleSerialScanner
    

SwiftCompile normal arm64 /Users/apple/Documents/AppleSerialScanner/AppleSerialScanner/Views/ScannerControlsView.swift (in target 'AppleSerialScanner' from project 'AppleSerialScanner')
    cd /Users/apple/Documents/AppleSerialScanner
    
/Users/apple/Documents/AppleSerialScanner/AppleSerialScanner/Views/ScannerControlsView.swift:50:25: error: cannot find 'UIImpactFeedbackGenerator' in scope
        let generator = UIImpactFeedbackGenerator(style: .light)
                        ^~~~~~~~~~~~~~~~~~~~~~~~~
/Users/apple/Documents/AppleSerialScanner/AppleSerialScanner/Views/ScannerControlsView.swift:50:59: error: cannot infer contextual base in reference to member 'light'
        let generator = UIImpactFeedbackGenerator(style: .light)
                                                         ~^~~~~
/Users/apple/Documents/AppleSerialScanner/AppleSerialScanner/Views/ScannerControlsView.swift:57:25: error: cannot call value of non-function type 'Binding<Subject>'
        feedbackManager.showFocusAnimation(at: point)
                        ^
/Users/apple/Documents/AppleSerialScanner/AppleSerialScanner/Views/ScannerControlsView.swift:57:25: error: value of type 'UIFeedbackManager' has no dynamic member 'showFocusAnimation' using key path from root type 'UIFeedbackManager'
        feedbackManager.showFocusAnimation(at: point)
        ~~~~~~~~~~~~~~~ ^~~~~~~~~~~~~~~~~~
/Users/apple/Documents/AppleSerialScanner/AppleSerialScanner/Views/ScannerControlsView.swift:57:9: error: referencing subscript 'subscript(dynamicMember:)' requires wrapper 'ObservedObject<UIFeedbackManager>.Wrapper'
        feedbackManager.showFocusAnimation(at: point)
        ^
        $
/Users/apple/Documents/AppleSerialScanner/AppleSerialScanner/Views/ScannerControlsView.swift:81:29: error: cannot find 'UIImpactFeedbackGenerator' in scope
            let generator = UIImpactFeedbackGenerator(style: .soft)
                            ^~~~~~~~~~~~~~~~~~~~~~~~~
/Users/apple/Documents/AppleSerialScanner/AppleSerialScanner/Views/ScannerControlsView.swift:81:63: error: cannot infer contextual base in reference to member 'soft'
            let generator = UIImpactFeedbackGenerator(style: .soft)
                                                             ~^~~~
/Users/apple/Documents/AppleSerialScanner/AppleSerialScanner/Views/ScannerControlsView.swift:95:25: error: cannot find 'UINotificationFeedbackGenerator' in scope
        let generator = UINotificationFeedbackGenerator()
                        ^~~~~~~~~~~~~~~~~~~~~~~~~~~~~~~
/Users/apple/Documents/AppleSerialScanner/AppleSerialScanner/Views/ScannerControlsView.swift:96:41: error: cannot infer contextual base in reference to member 'success'
        generator.notificationOccurred(.success)
                                       ~^~~~~~~

SwiftCompile normal arm64 /Users/apple/Documents/AppleSerialScanner/AppleSerialScanner/Services/CameraControlService.swift (in target 'AppleSerialScanner' from project 'AppleSerialScanner')
    cd /Users/apple/Documents/AppleSerialScanner
    
/Users/apple/Documents/AppleSerialScanner/AppleSerialScanner/Services/CameraControlService.swift:40:23: error: 'isAutoFocusRangeRestrictionSupported' is unavailable in macOS
            if device.isAutoFocusRangeRestrictionSupported {
                      ^~~~~~~~~~~~~~~~~~~~~~~~~~~~~~~~~~~~
/Applications/Xcode.app/Contents/Developer/Platforms/MacOSX.platform/Developer/SDKs/MacOSX15.5.sdk/System/Library/Frameworks/AVFoundation.framework/Headers/AVCaptureDevice.h:1162:82: note: 'isAutoFocusRangeRestrictionSupported' has been explicitly marked unavailable here
@property(nonatomic, readonly, getter=isAutoFocusRangeRestrictionSupported) BOOL autoFocusRangeRestrictionSupported API_AVAILABLE(ios(7.0), macCatalyst(14.0), tvos(17.0)) API_UNAVAILABLE(macos, visionos);
                                                                                 ^
/Users/apple/Documents/AppleSerialScanner/AppleSerialScanner/Services/CameraControlService.swift:41:24: error: 'autoFocusRangeRestriction' is unavailable in macOS
                device.autoFocusRangeRestriction = .near
                       ^~~~~~~~~~~~~~~~~~~~~~~~~
/Applications/Xcode.app/Contents/Developer/Platforms/MacOSX.platform/Developer/SDKs/MacOSX15.5.sdk/System/Library/Frameworks/AVFoundation.framework/Headers/AVCaptureDevice.h:1172:57: note: 'autoFocusRangeRestriction' has been explicitly marked unavailable here
@property(nonatomic) AVCaptureAutoFocusRangeRestriction autoFocusRangeRestriction API_AVAILABLE(ios(7.0), macCatalyst(14.0), tvos(17.0)) API_UNAVAILABLE(macos, visionos);
                                                        ^
/Users/apple/Documents/AppleSerialScanner/AppleSerialScanner/Services/CameraControlService.swift:51:19: error: value of type 'AVCaptureDevice' has no member 'isOpticalStabilizationSupported'
        if device.isOpticalStabilizationSupported {
           ~~~~~~ ^~~~~~~~~~~~~~~~~~~~~~~~~~~~~~~
/Users/apple/Documents/AppleSerialScanner/AppleSerialScanner/Services/CameraControlService.swift:52:20: error: value of type 'AVCaptureDevice' has no member 'activeOpticalStabilization'
            device.activeOpticalStabilization = true
            ~~~~~~ ^~~~~~~~~~~~~~~~~~~~~~~~~~
/Users/apple/Documents/AppleSerialScanner/AppleSerialScanner/Services/CameraControlService.swift:56:19: error: value of type 'AVCaptureDevice' has no member 'isHDRVideoSupported'
        if device.isHDRVideoSupported {
           ~~~~~~ ^~~~~~~~~~~~~~~~~~~
/Users/apple/Documents/AppleSerialScanner/AppleSerialScanner/Services/CameraControlService.swift:57:20: error: 'automaticallyAdjustsVideoHDREnabled' is unavailable in macOS
            device.automaticallyAdjustsVideoHDREnabled = true
                   ^~~~~~~~~~~~~~~~~~~~~~~~~~~~~~~~~~~
/Applications/Xcode.app/Contents/Developer/Platforms/MacOSX.platform/Developer/SDKs/MacOSX15.5.sdk/System/Library/Frameworks/AVFoundation.framework/Headers/AVCaptureDevice.h:2026:27: note: 'automaticallyAdjustsVideoHDREnabled' has been explicitly marked unavailable here
@property(nonatomic) BOOL automaticallyAdjustsVideoHDREnabled API_AVAILABLE(ios(8.0), macCatalyst(14.0), tvos(17.0)) API_UNAVAILABLE(macos, visionos);
                          ^
/Users/apple/Documents/AppleSerialScanner/AppleSerialScanner/Services/CameraControlService.swift:76:37: error: 'videoZoomFactor' is unavailable in macOS
                currentZoom: device.videoZoomFactor,
                                    ^~~~~~~~~~~~~~~
/Applications/Xcode.app/Contents/Developer/Platforms/MacOSX.platform/Developer/SDKs/MacOSX15.5.sdk/System/Library/Frameworks/AVFoundation.framework/Headers/AVCaptureDevice.h:1804:30: note: 'videoZoomFactor' has been explicitly marked unavailable here
@property(nonatomic) CGFloat videoZoomFactor API_AVAILABLE(ios(7.0), macCatalyst(14.0), tvos(17.0)) API_UNAVAILABLE(macos, visionos);
                             ^
/Users/apple/Documents/AppleSerialScanner/AppleSerialScanner/Services/CameraControlService.swift:83:20: error: 'videoZoomFactor' is unavailable in macOS
            device.videoZoomFactor = newZoom
                   ^~~~~~~~~~~~~~~
/Applications/Xcode.app/Contents/Developer/Platforms/MacOSX.platform/Developer/SDKs/MacOSX15.5.sdk/System/Library/Frameworks/AVFoundation.framework/Headers/AVCaptureDevice.h:1804:30: note: 'videoZoomFactor' has been explicitly marked unavailable here
@property(nonatomic) CGFloat videoZoomFactor API_AVAILABLE(ios(7.0), macCatalyst(14.0), tvos(17.0)) API_UNAVAILABLE(macos, visionos);
                             ^
/Users/apple/Documents/AppleSerialScanner/AppleSerialScanner/Services/CameraControlService.swift:114:20: error: 'videoZoomFactor' is unavailable in macOS
            device.videoZoomFactor = 1.0
                   ^~~~~~~~~~~~~~~
/Applications/Xcode.app/Contents/Developer/Platforms/MacOSX.platform/Developer/SDKs/MacOSX15.5.sdk/System/Library/Frameworks/AVFoundation.framework/Headers/AVCaptureDevice.h:1804:30: note: 'videoZoomFactor' has been explicitly marked unavailable here
@property(nonatomic) CGFloat videoZoomFactor API_AVAILABLE(ios(7.0), macCatalyst(14.0), tvos(17.0)) API_UNAVAILABLE(macos, visionos);
                             ^

SwiftCompile normal arm64 /Users/apple/Documents/AppleSerialScanner/AppleSerialScanner/ViewModels/SerialScannerViewModel+PowerManagement.swift (in target 'AppleSerialScanner' from project 'AppleSerialScanner')
    cd /Users/apple/Documents/AppleSerialScanner
    

SwiftCompile normal arm64 /Users/apple/Documents/AppleSerialScanner/AppleSerialScanner/Models/SerialResponse.swift (in target 'AppleSerialScanner' from project 'AppleSerialScanner')
    cd /Users/apple/Documents/AppleSerialScanner
    

SwiftCompile normal arm64 /Users/apple/Documents/AppleSerialScanner/AppleSerialScanner/ContentView.swift (in target 'AppleSerialScanner' from project 'AppleSerialScanner')
    cd /Users/apple/Documents/AppleSerialScanner
    

SwiftCompile normal arm64 /Users/apple/Documents/AppleSerialScanner/AppleSerialScanner/Services/HealthMonitoringService.swift (in target 'AppleSerialScanner' from project 'AppleSerialScanner')
    cd /Users/apple/Documents/AppleSerialScanner
    

SwiftCompile normal arm64 /Users/apple/Documents/AppleSerialScanner/AppleSerialScanner/Views/AccessoryPresetSelectorView.swift (in target 'AppleSerialScanner' from project 'AppleSerialScanner')
    cd /Users/apple/Documents/AppleSerialScanner
    
/Users/apple/Documents/AppleSerialScanner/AppleSerialScanner/Views/AccessoryPresetSelectorView.swift:52:36: error: reference to member 'systemGray6' cannot be resolved without a contextual type
                .background(Color(.systemGray6))
                                   ^
/Users/apple/Documents/AppleSerialScanner/AppleSerialScanner/Views/AccessoryPresetSelectorView.swift:94:28: error: reference to member 'systemBackground' cannot be resolved without a contextual type
        .background(Color(.systemBackground))
                           ^
/Users/apple/Documents/AppleSerialScanner/AppleSerialScanner/Views/AccessoryPresetSelectorView.swift:118:68: error: reference to member 'systemGray6' cannot be resolved without a contextual type
                            .fill(isSelected ? Color.blue : Color(.systemGray6))
                                                                   ^

SwiftCompile normal arm64 /Users/apple/Documents/AppleSerialScanner/AppleSerialScanner/Services/UIFeedbackManager.swift (in target 'AppleSerialScanner' from project 'AppleSerialScanner')
    cd /Users/apple/Documents/AppleSerialScanner
    
/Users/apple/Documents/AppleSerialScanner/AppleSerialScanner/Services/UIFeedbackManager.swift:128:25: error: value of type 'FrameQualityAnalyzer' has no member '$lastQualityMetrics'
        qualityAnalyzer.$lastQualityMetrics
        ~~~~~~~~~~~~~~~ ^~~~~~~~~~~~~~~~~~~
/Users/apple/Documents/AppleSerialScanner/AppleSerialScanner/Services/UIFeedbackManager.swift:129:33: error: cannot infer type of closure parameter 'metrics' without a type annotation
            .sink { [weak self] metrics in
                                ^
/Users/apple/Documents/AppleSerialScanner/AppleSerialScanner/Services/UIFeedbackManager.swift:243:29: error: type 'Animation' has no member 'none'
                animation: .none
                           ~^~~~

SwiftCompile normal arm64 /Users/apple/Documents/AppleSerialScanner/AppleSerialScanner/Services/SerialOCREnhancer.swift (in target 'AppleSerialScanner' from project 'AppleSerialScanner')
    cd /Users/apple/Documents/AppleSerialScanner
    

SwiftEmitModule normal arm64 Emitting\ module\ for\ AppleSerialScanner (in target 'AppleSerialScanner' from project 'AppleSerialScanner')

EmitSwiftModule normal arm64 (in target 'AppleSerialScanner' from project 'AppleSerialScanner')
    cd /Users/apple/Documents/AppleSerialScanner
    

SwiftCompile normal arm64 Compiling\ EnhancedCameraView.swift,\ Untitled.swift,\ IPadSerialScannerOptimizer.swift,\ BatchModels.swift,\ ROIRectangleView.swift,\ BatchProcessor.swift,\ SerialScannerViewModel+Extensions.swift,\ ScannerTypes.swift,\ GoogleSheetsService.swift,\ AccessoryPresetManager.swift,\ TelemetryService.swift,\ ScreenDetector.swift,\ DeviceTypeAwareScannerView.swift /Users/apple/Documents/AppleSerialScanner/AppleSerialScanner/Views/EnhancedCameraView.swift /Users/apple/Documents/AppleSerialScanner/AppleSerialScanner/Services/ML/Untitled.swift /Users/apple/Documents/AppleSerialScanner/AppleSerialScanner/Utils/IPadSerialScannerOptimizer.swift /Users/apple/Documents/AppleSerialScanner/AppleSerialScanner/Models/BatchModels.swift /Users/apple/Documents/AppleSerialScanner/AppleSerialScanner/Views/ROIRectangleView.swift /Users/apple/Documents/AppleSerialScanner/AppleSerialScanner/Services/BatchProcessor.swift /Users/apple/Documents/AppleSerialScanner/AppleSerialScanner/ViewModels/SerialScannerViewModel+Extensions.swift /Users/apple/Documents/AppleSerialScanner/AppleSerialScanner/Models/ScannerTypes.swift /Users/apple/Documents/AppleSerialScanner/AppleSerialScanner/Services/GoogleSheetsService.swift /Users/apple/Documents/AppleSerialScanner/AppleSerialScanner/Views/AccessoryPresetManager.swift /Users/apple/Documents/AppleSerialScanner/AppleSerialScanner/Services/TelemetryService.swift /Users/apple/Documents/AppleSerialScanner/AppleSerialScanner/Services/ScreenDetector.swift /Users/apple/Documents/AppleSerialScanner/AppleSerialScanner/Views/DeviceTypeAwareScannerView.swift (in target 'AppleSerialScanner' from project 'AppleSerialScanner')

SwiftCompile normal arm64 /Users/apple/Documents/AppleSerialScanner/AppleSerialScanner/Views/EnhancedCameraView.swift (in target 'AppleSerialScanner' from project 'AppleSerialScanner')
    cd /Users/apple/Documents/AppleSerialScanner
    

SwiftCompile normal arm64 /Users/apple/Documents/AppleSerialScanner/AppleSerialScanner/Services/ML/Untitled.swift (in target 'AppleSerialScanner' from project 'AppleSerialScanner')
    cd /Users/apple/Documents/AppleSerialScanner
    

SwiftCompile normal arm64 /Users/apple/Documents/AppleSerialScanner/AppleSerialScanner/Utils/IPadSerialScannerOptimizer.swift (in target 'AppleSerialScanner' from project 'AppleSerialScanner')
    cd /Users/apple/Documents/AppleSerialScanner
    

SwiftCompile normal arm64 /Users/apple/Documents/AppleSerialScanner/AppleSerialScanner/Models/BatchModels.swift (in target 'AppleSerialScanner' from project 'AppleSerialScanner')
    cd /Users/apple/Documents/AppleSerialScanner
    

SwiftCompile normal arm64 /Users/apple/Documents/AppleSerialScanner/AppleSerialScanner/Views/ROIRectangleView.swift (in target 'AppleSerialScanner' from project 'AppleSerialScanner')
    cd /Users/apple/Documents/AppleSerialScanner
    

SwiftCompile normal arm64 /Users/apple/Documents/AppleSerialScanner/AppleSerialScanner/Services/BatchProcessor.swift (in target 'AppleSerialScanner' from project 'AppleSerialScanner')
    cd /Users/apple/Documents/AppleSerialScanner
    

SwiftCompile normal arm64 /Users/apple/Documents/AppleSerialScanner/AppleSerialScanner/ViewModels/SerialScannerViewModel+Extensions.swift (in target 'AppleSerialScanner' from project 'AppleSerialScanner')
    cd /Users/apple/Documents/AppleSerialScanner
    

SwiftCompile normal arm64 /Users/apple/Documents/AppleSerialScanner/AppleSerialScanner/Models/ScannerTypes.swift (in target 'AppleSerialScanner' from project 'AppleSerialScanner')
    cd /Users/apple/Documents/AppleSerialScanner
    

SwiftCompile normal arm64 /Users/apple/Documents/AppleSerialScanner/AppleSerialScanner/Services/GoogleSheetsService.swift (in target 'AppleSerialScanner' from project 'AppleSerialScanner')
    cd /Users/apple/Documents/AppleSerialScanner
    

SwiftCompile normal arm64 /Users/apple/Documents/AppleSerialScanner/AppleSerialScanner/Views/AccessoryPresetManager.swift (in target 'AppleSerialScanner' from project 'AppleSerialScanner')
    cd /Users/apple/Documents/AppleSerialScanner
    

SwiftCompile normal arm64 /Users/apple/Documents/AppleSerialScanner/AppleSerialScanner/Services/TelemetryService.swift (in target 'AppleSerialScanner' from project 'AppleSerialScanner')
    cd /Users/apple/Documents/AppleSerialScanner
    

SwiftCompile normal arm64 /Users/apple/Documents/AppleSerialScanner/AppleSerialScanner/Services/ScreenDetector.swift (in target 'AppleSerialScanner' from project 'AppleSerialScanner')
    cd /Users/apple/Documents/AppleSerialScanner
    

SwiftCompile normal arm64 /Users/apple/Documents/AppleSerialScanner/AppleSerialScanner/Views/DeviceTypeAwareScannerView.swift (in target 'AppleSerialScanner' from project 'AppleSerialScanner')
    cd /Users/apple/Documents/AppleSerialScanner
    

SwiftCompile normal arm64 Compiling\ SerialTextRecognitionOptimizer.swift,\ NumbersTemplate.swift,\ SurfaceIndicatorView.swift,\ EnhancedSerialValidator.swift,\ SystemStats.swift,\ Phase3SerialOCRTuner.swift,\ BatchProcessingView.swift,\ MLModelLoader.swift,\ AnalyticsConfiguration.swift,\ SmartROIDetector.swift,\ IPadOptimizedSerialScannerView.swift,\ AngleDetector.swift,\ SecureStore.swift,\ HistoryResponse.swift /Users/apple/Documents/AppleSerialScanner/AppleSerialScanner/Utils/SerialTextRecognitionOptimizer.swift /Users/apple/Documents/AppleSerialScanner/AppleSerialScanner/Models/NumbersTemplate.swift /Users/apple/Documents/AppleSerialScanner/AppleSerialScanner/Views/SurfaceIndicatorView.swift /Users/apple/Documents/AppleSerialScanner/AppleSerialScanner/Services/EnhancedSerialValidator.swift /Users/apple/Documents/AppleSerialScanner/AppleSerialScanner/Models/SystemStats.swift /Users/apple/Documents/AppleSerialScanner/AppleSerialScanner/Services/Phase3SerialOCRTuner.swift /Users/apple/Documents/AppleSerialScanner/AppleSerialScanner/Views/BatchProcessingView.swift /Users/apple/Documents/AppleSerialScanner/AppleSerialScanner/Services/ML/MLModelLoader.swift /Users/apple/Documents/AppleSerialScanner/AppleSerialScanner/Models/AnalyticsConfiguration.swift /Users/apple/Documents/AppleSerialScanner/AppleSerialScanner/Services/SmartROIDetector.swift /Users/apple/Documents/AppleSerialScanner/AppleSerialScanner/Views/IPadOptimizedSerialScannerView.swift /Users/apple/Documents/AppleSerialScanner/AppleSerialScanner/Services/AngleDetector.swift /Users/apple/Documents/AppleSerialScanner/AppleSerialScanner/Utils/SecureStore.swift /Users/apple/Documents/AppleSerialScanner/AppleSerialScanner/Models/HistoryResponse.swift (in target 'AppleSerialScanner' from project 'AppleSerialScanner')

SwiftCompile normal arm64 /Users/apple/Documents/AppleSerialScanner/AppleSerialScanner/Utils/SerialTextRecognitionOptimizer.swift (in target 'AppleSerialScanner' from project 'AppleSerialScanner')
    cd /Users/apple/Documents/AppleSerialScanner
    

SwiftCompile normal arm64 /Users/apple/Documents/AppleSerialScanner/AppleSerialScanner/Models/NumbersTemplate.swift (in target 'AppleSerialScanner' from project 'AppleSerialScanner')
    cd /Users/apple/Documents/AppleSerialScanner
    

SwiftCompile normal arm64 /Users/apple/Documents/AppleSerialScanner/AppleSerialScanner/Views/SurfaceIndicatorView.swift (in target 'AppleSerialScanner' from project 'AppleSerialScanner')
    cd /Users/apple/Documents/AppleSerialScanner
    

SwiftCompile normal arm64 /Users/apple/Documents/AppleSerialScanner/AppleSerialScanner/Services/EnhancedSerialValidator.swift (in target 'AppleSerialScanner' from project 'AppleSerialScanner')
    cd /Users/apple/Documents/AppleSerialScanner
    

SwiftCompile normal arm64 /Users/apple/Documents/AppleSerialScanner/AppleSerialScanner/Models/SystemStats.swift (in target 'AppleSerialScanner' from project 'AppleSerialScanner')
    cd /Users/apple/Documents/AppleSerialScanner
    

SwiftCompile normal arm64 /Users/apple/Documents/AppleSerialScanner/AppleSerialScanner/Services/Phase3SerialOCRTuner.swift (in target 'AppleSerialScanner' from project 'AppleSerialScanner')
    cd /Users/apple/Documents/AppleSerialScanner
    

SwiftCompile normal arm64 /Users/apple/Documents/AppleSerialScanner/AppleSerialScanner/Views/BatchProcessingView.swift (in target 'AppleSerialScanner' from project 'AppleSerialScanner')
    cd /Users/apple/Documents/AppleSerialScanner
    

SwiftCompile normal arm64 /Users/apple/Documents/AppleSerialScanner/AppleSerialScanner/Services/ML/MLModelLoader.swift (in target 'AppleSerialScanner' from project 'AppleSerialScanner')
    cd /Users/apple/Documents/AppleSerialScanner
    

SwiftCompile normal arm64 /Users/apple/Documents/AppleSerialScanner/AppleSerialScanner/Models/AnalyticsConfiguration.swift (in target 'AppleSerialScanner' from project 'AppleSerialScanner')
    cd /Users/apple/Documents/AppleSerialScanner
    

SwiftCompile normal arm64 /Users/apple/Documents/AppleSerialScanner/AppleSerialScanner/Services/SmartROIDetector.swift (in target 'AppleSerialScanner' from project 'AppleSerialScanner')
    cd /Users/apple/Documents/AppleSerialScanner
    

SwiftCompile normal arm64 /Users/apple/Documents/AppleSerialScanner/AppleSerialScanner/Views/IPadOptimizedSerialScannerView.swift (in target 'AppleSerialScanner' from project 'AppleSerialScanner')
    cd /Users/apple/Documents/AppleSerialScanner
    

SwiftCompile normal arm64 /Users/apple/Documents/AppleSerialScanner/AppleSerialScanner/Services/AngleDetector.swift (in target 'AppleSerialScanner' from project 'AppleSerialScanner')
    cd /Users/apple/Documents/AppleSerialScanner
    

SwiftCompile normal arm64 /Users/apple/Documents/AppleSerialScanner/AppleSerialScanner/Utils/SecureStore.swift (in target 'AppleSerialScanner' from project 'AppleSerialScanner')
    cd /Users/apple/Documents/AppleSerialScanner
    

SwiftCompile normal arm64 /Users/apple/Documents/AppleSerialScanner/AppleSerialScanner/Models/HistoryResponse.swift (in target 'AppleSerialScanner' from project 'AppleSerialScanner')
    cd /Users/apple/Documents/AppleSerialScanner
    

SwiftCompile normal arm64 Compiling\ LightingAnalyzer.swift,\ AngleIndicatorView.swift,\ CoreMLModelDefinitions.swift,\ SerialScannerRecoveryManager.swift,\ ExportView.swift,\ AmbiguityResolver.swift,\ PlatformDetector.swift,\ Filters.swift,\ ScannerSettingsView.swift,\ ClientConfig.swift,\ SerialSubmission.swift,\ ImagePreprocessor.swift,\ AnalyticsDashboardView.swift,\ VisionTextRecognizer.swift /Users/apple/Documents/AppleSerialScanner/AppleSerialScanner/Services/LightingAnalyzer.swift /Users/apple/Documents/AppleSerialScanner/AppleSerialScanner/Views/AngleIndicatorView.swift /Users/apple/Documents/AppleSerialScanner/AppleSerialScanner/Models/ML/CoreMLModelDefinitions.swift /Users/apple/Documents/AppleSerialScanner/AppleSerialScanner/Services/SerialScannerRecoveryManager.swift /Users/apple/Documents/AppleSerialScanner/AppleSerialScanner/Views/ExportView.swift /Users/apple/Documents/AppleSerialScanner/AppleSerialScanner/Services/AmbiguityResolver.swift /Users/apple/Documents/AppleSerialScanner/AppleSerialScanner/Utils/PlatformDetector.swift /Users/apple/Documents/AppleSerialScanner/AppleSerialScanner/Models/Filters.swift /Users/apple/Documents/AppleSerialScanner/AppleSerialScanner/Views/ScannerSettingsView.swift /Users/apple/Documents/AppleSerialScanner/AppleSerialScanner/Services/ClientConfig.swift /Users/apple/Documents/AppleSerialScanner/AppleSerialScanner/Models/SerialSubmission.swift /Users/apple/Documents/AppleSerialScanner/AppleSerialScanner/Services/ImagePreprocessor.swift /Users/apple/Documents/AppleSerialScanner/AppleSerialScanner/Views/AnalyticsDashboardView.swift /Users/apple/Documents/AppleSerialScanner/AppleSerialScanner/Services/VisionTextRecognizer.swift (in target 'AppleSerialScanner' from project 'AppleSerialScanner')
Command SwiftCompile failed with a nonzero exit code

note: Disabling hardened runtime with ad-hoc codesigning. (in target 'AppleSerialScanner' from project 'AppleSerialScanner')
